<?xml version="1.0" encoding="UTF-8"?>
<!-- Generated by org.testng.reporters.JUnitReportReporter -->
<testsuite skipped="0" hostname="UTISLAPTOP50" name="StructureComparison.DataComparison.MainFile" tests="1" failures="0" timestamp="17 Jun 2020 08:51:10 GMT" time="1.071" errors="0">
  <testcase name="readsoucefromexcel" time="1.071" classname="StructureComparison.DataComparison.MainFile"/>
</testsuite> <!-- StructureComparison.DataComparison.MainFile -->
