<?xml version="1.0" encoding="UTF-8"?>
<!-- Generated by org.testng.reporters.JUnitReportReporter -->
<testsuite skipped="0" hostname="UTISLAPTOP54" name="StructureComparison.DataComparison.MainFile" tests="2" failures="0" timestamp="17 Jun 2020 09:32:31 GMT" time="7.347" errors="0">
  <testcase name="readsourcefromexcel" time="6.516" classname="StructureComparison.DataComparison.MainFile"/>
  <testcase name="readsoucefromcsv" time="0.831" classname="StructureComparison.DataComparison.MainFile"/>
</testsuite> <!-- StructureComparison.DataComparison.MainFile -->
