<?xml version="1.0" encoding="UTF-8"?>
<!-- Generated by org.testng.reporters.JUnitReportReporter -->
<testsuite skipped="0" hostname="UTISLAPTOP50" name="StructureComparison.DataComparison.MainFile" tests="3" failures="0" timestamp="16 Jun 2020 07:50:14 GMT" time="2.438" errors="0">
  <testcase name="readsoucefromcsv" time="1.314" classname="StructureComparison.DataComparison.MainFile"/>
  <testcase name="readsoucefromexcel" time="0.603" classname="StructureComparison.DataComparison.MainFile"/>
  <testcase name="readsoucefromdb" time="0.521" classname="StructureComparison.DataComparison.MainFile"/>
</testsuite> <!-- StructureComparison.DataComparison.MainFile -->
