<?xml version="1.0" encoding="UTF-8"?>
<!-- Generated by org.testng.reporters.JUnitReportReporter -->
<testsuite skipped="0" hostname="UTISLAPTOP50" name="StructureComparison.DataComparison.MainFile" tests="1" failures="0" timestamp="18 Jun 2020 09:59:59 GMT" time="8.608" errors="0">
  <testcase name="readsoucefromCSV" time="8.608" classname="StructureComparison.DataComparison.MainFile"/>
</testsuite> <!-- StructureComparison.DataComparison.MainFile -->
